<?xml version="1.0" encoding="UTF-8" standalone="no"?>
<testsuite errors="0" failures="0" name="io.cucumber.core.plugin.JUnitFormatter" skipped="0" tests="1" time="7.518">
    <testcase classname="Verify that admin user can Add candidate to candidate API" name="POST to candidate API" time="7.474">
        <system-out><![CDATA[Given admin user is logged in...............................................passed
When post call api with valid data..........................................passed
Then api response is 200OK..................................................passed
]]></system-out>
    </testcase>
</testsuite>
